\BOOKMARK [1][-]{section.1}{Innledning}{}% 1
\BOOKMARK [1][-]{section.2}{Teori}{}% 2
\BOOKMARK [2][-]{subsection.2.1}{Babel}{section.2}% 3
\BOOKMARK [2][-]{subsection.2.2}{Bootstrap}{section.2}% 4
\BOOKMARK [2][-]{subsection.2.3}{Canvas}{section.2}% 5
\BOOKMARK [2][-]{subsection.2.4}{Connect History Api Fallback}{section.2}% 6
\BOOKMARK [2][-]{subsection.2.5}{Cookie Parser}{section.2}% 7
\BOOKMARK [2][-]{subsection.2.6}{Dotenv}{section.2}% 8
\BOOKMARK [2][-]{subsection.2.7}{ESLint}{section.2}% 9
\BOOKMARK [2][-]{subsection.2.8}{ExpressJS}{section.2}% 10
\BOOKMARK [2][-]{subsection.2.9}{NodeJS}{section.2}% 11
\BOOKMARK [2][-]{subsection.2.10}{PassportJS}{section.2}% 12
\BOOKMARK [2][-]{subsection.2.11}{Passport Openid Connect}{section.2}% 13
\BOOKMARK [2][-]{subsection.2.12}{Socket.IO}{section.2}% 14
\BOOKMARK [2][-]{subsection.2.13}{SQLit3}{section.2}% 15
\BOOKMARK [2][-]{subsection.2.14}{Vue}{section.2}% 16
\BOOKMARK [3][-]{subsubsection.2.14.1}{Vue Cli}{subsection.2.14}% 17
\BOOKMARK [3][-]{subsubsection.2.14.2}{Vue Router}{subsection.2.14}% 18
\BOOKMARK [1][-]{section.3}{Referanser}{}% 19
\BOOKMARK [1][-]{section.4}{Vedlegg}{}% 20
